<?xml version="1.0" encoding="UTF-8"?>
<testsuite name="ComputerRepairRequestTest" tests="2" skipped="0" failures="0" errors="0" timestamp="2025-03-06T13:30:13" hostname="DESKTOP-TOLEJ1S" time="0.04">
  <properties/>
  <testcase name="First Test" classname="ComputerRepairRequestTest" time="0.036"/>
  <testcase name="Test Example" classname="ComputerRepairRequestTest" time="0.002"/>
  <system-out><![CDATA[]]></system-out>
  <system-err><![CDATA[]]></system-err>
</testsuite>
